[07.02.26 22:30:15][AUTOTICKET] Данные аккаунта получены
[07.02.26 22:30:15][AUTOTICKET] Настройки сохранены
[07.02.26 22:30:15][AUTOTICKET] Установлен golden_key
[07.02.26 22:30:15][AUTOTICKET] Обновление данных поддержки
[07.02.26 22:30:15][AUTOTICKET] Извлечение PHPSESSID
[07.02.26 22:30:15][AUTOTICKET] PHPSESSID извлечён
[07.02.26 22:30:15][AUTOTICKET] Настройки сохранены
[07.02.26 22:30:15][AUTOTICKET] Установлен PHPSESSID
[07.02.26 22:30:15][AUTOTICKET] Ник поддержки: Beliial
[07.02.26 22:30:15][AUTOTICKET] telegram_chat_id не задан
[07.02.26 22:30:15][AUTOTICKET] Автоотправка запущена
[07.02.26 22:30:15][AUTOTICKET] telegram_chat_id не задан
[07.02.26 22:30:15][AUTOTICKET] Обновление кэша заказов
[07.02.26 22:30:15][AUTOTICKET] Загрузка заказов
[07.02.26 22:30:16][AUTOTICKET] Загружено 0 заказов
[07.02.26 22:30:16][AUTOTICKET] Найдено 0 просроченных заказов
[07.02.26 22:30:17][AUTOTICKET] Кэш обновлён: 0 заказов
[07.02.26 22:30:17][AUTOTICKET] Нет просроченных заказов
[07.02.26 22:56:52][AUTOTICKET] Данные аккаунта получены
[07.02.26 22:56:52][AUTOTICKET] Установлен golden_key
[07.02.26 22:56:52][AUTOTICKET] Обновление данных поддержки
[07.02.26 22:56:52][AUTOTICKET] Установлен PHPSESSID
[07.02.26 22:56:52][AUTOTICKET] Ник поддержки: Unknown
[07.02.26 22:56:52][AUTOTICKET] telegram_chat_id не задан
[07.02.26 22:56:52][AUTOTICKET] Автоотправка запущена
[07.02.26 22:56:52][AUTOTICKET] telegram_chat_id не задан
[07.02.26 22:56:52][AUTOTICKET] Обновление кэша заказов
[07.02.26 22:56:52][AUTOTICKET] Загрузка заказов
[07.02.26 22:56:52][AUTOTICKET] Загружено 0 заказов
[07.02.26 22:56:52][AUTOTICKET] Найдено 0 просроченных заказов
[07.02.26 22:56:53][AUTOTICKET] Кэш обновлён: 0 заказов
[07.02.26 22:56:53][AUTOTICKET] Нет просроченных заказов
[07.02.26 23:56:53][AUTOTICKET] Автоотправка запущена
[07.02.26 23:56:53][AUTOTICKET] telegram_chat_id не задан
[07.02.26 23:56:53][AUTOTICKET] Обновление кэша заказов
[07.02.26 23:56:53][AUTOTICKET] Загрузка заказов
[07.02.26 23:56:53][AUTOTICKET] Загружено 0 заказов
[07.02.26 23:56:53][AUTOTICKET] Найдено 0 просроченных заказов
[07.02.26 23:56:54][AUTOTICKET] Кэш обновлён: 0 заказов
[07.02.26 23:56:54][AUTOTICKET] Нет просроченных заказов
[08.02.26 00:56:54][AUTOTICKET] Автоотправка запущена
[08.02.26 00:56:54][AUTOTICKET] telegram_chat_id не задан
[08.02.26 00:56:54][AUTOTICKET] Обновление кэша заказов
[08.02.26 00:56:54][AUTOTICKET] Загрузка заказов
[08.02.26 00:56:55][AUTOTICKET] Загружено 0 заказов
[08.02.26 00:56:55][AUTOTICKET] Найдено 0 просроченных заказов
[08.02.26 00:56:56][AUTOTICKET] Кэш обновлён: 0 заказов
[08.02.26 00:56:56][AUTOTICKET] Нет просроченных заказов
